  cCamera.cpp
  cObjImport.cpp
C:\Program Files (x86)\Windows Kits\10\Include\10.0.17134.0\shared\minwindef.h(130,1): warning C4005: 'APIENTRY': macro redefinition
C:\Users\Ben\Downloads\Uni\Cardiff\Visual Word\st20119834\GraphicsTemplate\GLFW\glfw3.h(104): message : see previous definition of 'APIENTRY'
C:\Users\Ben\Downloads\Uni\Cardiff\Visual Word\st20119834\GraphicsTemplate\tga.h(164,19): warning C4244: '=': conversion from 'std::streamoff' to 'unsigned long', possible loss of data
  core.cpp
C:\Program Files (x86)\Windows Kits\10\Include\10.0.17134.0\shared\minwindef.h(130,1): warning C4005: 'APIENTRY': macro redefinition
C:\Users\Ben\Downloads\Uni\Cardiff\Visual Word\st20119834\GraphicsTemplate\GLFW\glfw3.h(104): message : see previous definition of 'APIENTRY'
  cShader.cpp
C:\Program Files (x86)\Windows Kits\10\Include\10.0.17134.0\shared\minwindef.h(130,1): warning C4005: 'APIENTRY': macro redefinition
C:\Users\Ben\Downloads\Uni\Cardiff\Visual Word\st20119834\GraphicsTemplate\GLFW\glfw3.h(104): message : see previous definition of 'APIENTRY'
C:\Users\Ben\Downloads\Uni\Cardiff\Visual Word\st20119834\GraphicsTemplate\cShader.cpp(76,10): warning C4129: 'E': unrecognized character escape sequence
C:\Users\Ben\Downloads\Uni\Cardiff\Visual Word\st20119834\GraphicsTemplate\cShader.cpp(82,10): warning C4129: 'E': unrecognized character escape sequence
C:\Users\Ben\Downloads\Uni\Cardiff\Visual Word\st20119834\GraphicsTemplate\cShader.cpp(88,10): warning C4129: 'E': unrecognized character escape sequence
  main.cpp
C:\Program Files (x86)\Windows Kits\10\Include\10.0.17134.0\shared\minwindef.h(130,1): warning C4005: 'APIENTRY': macro redefinition
C:\Users\Ben\Downloads\Uni\Cardiff\Visual Word\st20119834\GraphicsTemplate\GLFW\glfw3.h(104): message : see previous definition of 'APIENTRY'
C:\Users\Ben\Downloads\Uni\Cardiff\Visual Word\st20119834\GraphicsTemplate\main.cpp(329,15): warning C4244: 'initializing': conversion from 'int' to 'float', possible loss of data
C:\Users\Ben\Downloads\Uni\Cardiff\Visual Word\st20119834\GraphicsTemplate\main.cpp(330,15): warning C4244: 'initializing': conversion from 'int' to 'float', possible loss of data
  textfile.cpp
C:\Program Files (x86)\Windows Kits\10\Include\10.0.17134.0\shared\minwindef.h(130,1): warning C4005: 'APIENTRY': macro redefinition
C:\Users\Ben\Downloads\Uni\Cardiff\Visual Word\st20119834\GraphicsTemplate\GLFW\glfw3.h(104): message : see previous definition of 'APIENTRY'
  Generating Code...
MSVCRTD.lib(initializers.obj) : warning LNK4098: defaultlib 'msvcrt.lib' conflicts with use of other libs; use /NODEFAULTLIB:library
MSVCRTD.lib(initializers.obj) : warning LNK4098: defaultlib 'libcmt.lib' conflicts with use of other libs; use /NODEFAULTLIB:library
glew32s.lib(glew.obj) : warning LNK4099: PDB 'vc120.pdb' was not found with 'glew32s.lib(glew.obj)' or at 'C:\Users\Ben\Downloads\Uni\Cardiff\Visual Word\st20119834\GraphicsTemplate\x64\Debug\vc120.pdb'; linking object as if no debug info
  GraphicsTemplate.vcxproj -> C:\Users\Ben\Downloads\Uni\Cardiff\Visual Word\st20119834\GraphicsTemplate\x64\Debug\GraphicsTemplate.exe
